*** Assigned Lonepeak Node:  lp113
Trmm JIK Loop - Guided Scheduling, Chunk Size 10: Trial 1
Matrix Size = 600; NTrials=5
Reference sequential code performance in GFLOPS Min: 1.73; Max: 1.74
Max Threads (from omp_get_max_threads) = 40
Performance (Best & Worst) of parallelized version: GFLOPS || Speedup on 1/2/4/8/10/12/14/19/39 threads
Best Performance (GFLOPS || Speedup): 1.63 3.24 6.02 10.33 12.09 14.07 16.24 19.89 18.96  || 0.94 1.87 3.47 5.95 6.97 8.11 9.36 11.46 10.93 
Worst Performance (GFLOPS || Speedup): 1.63 3.21 5.92 10.14 11.56 13.02 15.43 18.16 14.56  || 0.94 1.85 3.41 5.84 6.66 7.51 8.89 10.47 8.39 
Trmm JIK Loop - Guided Scheduling, Chunk Size 20: Trial 1
Matrix Size = 600; NTrials=5
Reference sequential code performance in GFLOPS Min: 1.73; Max: 1.74
Max Threads (from omp_get_max_threads) = 40
Performance (Best & Worst) of parallelized version: GFLOPS || Speedup on 1/2/4/8/10/12/14/19/39 threads
Best Performance (GFLOPS || Speedup): 1.63 3.03 5.30 9.80 10.96 11.82 12.45 14.45 11.98  || 0.94 1.74 3.05 5.64 6.31 6.81 7.17 8.32 6.90 
Worst Performance (GFLOPS || Speedup): 1.63 3.01 5.21 9.22 10.02 11.08 11.61 13.61 9.06  || 0.94 1.73 3.00 5.31 5.77 6.38 6.69 7.84 5.22 
Trmm JIK Loop - Guided Scheduling, Chunk Size 40: Trial 1
Matrix Size = 600; NTrials=5
Reference sequential code performance in GFLOPS Min: 1.73; Max: 1.73
Max Threads (from omp_get_max_threads) = 40
Performance (Best & Worst) of parallelized version: GFLOPS || Speedup on 1/2/4/8/10/12/14/19/39 threads
Best Performance (GFLOPS || Speedup): 1.63 3.01 5.38 7.80 8.93 9.15 9.30 8.65 8.03  || 0.94 1.74 3.10 4.50 5.15 5.27 5.36 4.99 4.63 
Worst Performance (GFLOPS || Speedup): 1.63 3.01 5.25 7.46 8.54 8.71 8.93 8.29 5.08  || 0.94 1.74 3.03 4.30 4.93 5.02 5.15 4.78 2.93 
Trmm JIK Loop - Guided Scheduling: Trial 1
Matrix Size = 600; NTrials=5
Reference sequential code performance in GFLOPS Min: 1.73; Max: 1.73
Max Threads (from omp_get_max_threads) = 40
Performance (Best & Worst) of parallelized version: GFLOPS || Speedup on 1/2/4/8/10/12/14/19/39 threads
Best Performance (GFLOPS || Speedup): 1.63 3.23 6.11 11.76 14.46 17.18 20.26 26.38 33.50  || 0.94 1.87 3.53 6.80 8.36 9.93 11.72 15.25 19.37 
Worst Performance (GFLOPS || Speedup): 1.63 3.21 5.95 11.18 14.14 16.42 19.02 24.78 24.10  || 0.94 1.86 3.44 6.46 8.17 9.50 11.00 14.33 13.94 
