*** Assigned Lonepeak Node:  lp115
Matrix Size = 600; NTrials=5
Reference sequential code performance in GFLOPS Min: 1.73; Max: 1.73
Max Threads (from omp_get_max_threads) = 40
Error when executing on 2 threads; 140517 Differences found over threshold 0.000000; Max Diff = 199989440.000000
Exiting
Error when executing on 4 threads; 175024 Differences found over threshold 0.000000; Max Diff = 511867456.000000
Exiting
Error when executing on 8 threads; 179054 Differences found over threshold 0.000000; Max Diff = 620389888.000000
Exiting
Error when executing on 10 threads; 179058 Differences found over threshold 0.000000; Max Diff = 630440512.000000
Exiting
Error when executing on 12 threads; 179135 Differences found over threshold 0.000000; Max Diff = 635521536.000000
Exiting
Error when executing on 14 threads; 178974 Differences found over threshold 0.000000; Max Diff = 649158784.000000
Exiting
Error when executing on 19 threads; 178810 Differences found over threshold 0.000000; Max Diff = 662041408.000000
Exiting
Error when executing on 39 threads; 179122 Differences found over threshold 0.000000; Max Diff = 669779648.000000
Exiting
Performance (Best & Worst) of parallelized version: GFLOPS || Speedup on 1/2/4/8/10/12/14/19/39 threads
Best Performance (GFLOPS || Speedup): 0.62 0.69 0.50 0.20 0.16 0.21 0.13 0.10 0.15  || 0.36 0.40 0.29 0.12 0.09 0.12 0.07 0.06 0.08 
Worst Performance (GFLOPS || Speedup): 0.62 0.69 0.50 0.20 0.16 0.21 0.13 0.10 0.15  || 0.36 0.40 0.29 0.12 0.09 0.12 0.07 0.06 0.08 
Matrix Size = 600; NTrials=5
Reference sequential code performance in GFLOPS Min: 1.73; Max: 1.74
Max Threads (from omp_get_max_threads) = 40
Error when executing on 2 threads; 127294 Differences found over threshold 0.000000; Max Diff = 340661024.000000
Exiting
Error when executing on 4 threads; 165664 Differences found over threshold 0.000000; Max Diff = 534829920.000000
Exiting
Error when executing on 8 threads; 178971 Differences found over threshold 0.000000; Max Diff = 622926912.000000
Exiting
Error when executing on 10 threads; 179033 Differences found over threshold 0.000000; Max Diff = 625626752.000000
Exiting
Error when executing on 12 threads; 179120 Differences found over threshold 0.000000; Max Diff = 636509056.000000
Exiting
Error when executing on 14 threads; 178921 Differences found over threshold 0.000000; Max Diff = 655884032.000000
Exiting
Error when executing on 19 threads; 178791 Differences found over threshold 0.000000; Max Diff = 660282560.000000
Exiting
Error when executing on 39 threads; 179088 Differences found over threshold 0.000000; Max Diff = 660013696.000000
Exiting
Performance (Best & Worst) of parallelized version: GFLOPS || Speedup on 1/2/4/8/10/12/14/19/39 threads
Best Performance (GFLOPS || Speedup): 0.62 0.68 0.45 0.21 0.16 0.21 0.12 0.10 0.15  || 0.36 0.39 0.26 0.12 0.09 0.12 0.07 0.06 0.08 
Worst Performance (GFLOPS || Speedup): 0.62 0.68 0.44 0.21 0.16 0.21 0.12 0.10 0.15  || 0.36 0.39 0.26 0.12 0.09 0.12 0.07 0.06 0.08 
Matrix Size = 600; NTrials=5
Reference sequential code performance in GFLOPS Min: 1.74; Max: 1.74
Max Threads (from omp_get_max_threads) = 40
Error when executing on 2 threads; 120724 Differences found over threshold 0.000000; Max Diff = 359518240.000000
Exiting
Error when executing on 4 threads; 167798 Differences found over threshold 0.000000; Max Diff = 541463744.000000
Exiting
Error when executing on 8 threads; 179048 Differences found over threshold 0.000000; Max Diff = 621663296.000000
Exiting
Error when executing on 10 threads; 179027 Differences found over threshold 0.000000; Max Diff = 620199808.000000
Exiting
Error when executing on 12 threads; 179114 Differences found over threshold 0.000000; Max Diff = 627907712.000000
Exiting
Error when executing on 14 threads; 178968 Differences found over threshold 0.000000; Max Diff = 651439488.000000
Exiting
Error when executing on 19 threads; 178825 Differences found over threshold 0.000000; Max Diff = 663957760.000000
Exiting
Error when executing on 39 threads; 179086 Differences found over threshold 0.000000; Max Diff = 661891776.000000
Exiting
Performance (Best & Worst) of parallelized version: GFLOPS || Speedup on 1/2/4/8/10/12/14/19/39 threads
Best Performance (GFLOPS || Speedup): 0.62 0.69 0.44 0.21 0.16 0.21 0.12 0.10 0.15  || 0.36 0.40 0.25 0.12 0.09 0.12 0.07 0.06 0.09 
Worst Performance (GFLOPS || Speedup): 0.62 0.69 0.44 0.21 0.16 0.21 0.12 0.10 0.15  || 0.36 0.40 0.25 0.12 0.09 0.12 0.07 0.06 0.08 
